This file contains any messages produced by compilers while
running configure, to aid debugging if configure makes a mistake.

It was created by CppUTest configure 3.5, which was
generated by GNU Autoconf 2.69.  Invocation command line was

  $ ./configure 

## --------- ##
## Platform. ##
## --------- ##

hostname = rookiecalf
uname -m = i686
uname -r = 3.5.0-44-generic
uname -s = Linux
uname -v = #67~precise1-Ubuntu SMP Wed Nov 13 16:20:03 UTC 2013

/usr/bin/uname -p = unknown
/bin/uname -X     = unknown

/bin/arch              = unknown
/usr/bin/arch -k       = unknown
/usr/convex/getsysinfo = unknown
/usr/bin/hostinfo      = unknown
/bin/machine           = unknown
/usr/bin/oslevel       = unknown
/bin/universe          = unknown

PATH: /usr/local/sbin
PATH: /usr/local/bin
PATH: /usr/sbin
PATH: /usr/bin
PATH: /sbin
PATH: /bin


## ----------- ##
## Core tests. ##
## ----------- ##

configure:2627: checking for a BSD-compatible install
configure:2695: result: /usr/bin/install -c
configure:2706: checking whether build environment is sane
configure:2756: result: yes
configure:2897: checking for a thread-safe mkdir -p
configure:2936: result: /bin/mkdir -p
configure:2949: checking for gawk
configure:2979: result: no
configure:2949: checking for mawk
configure:2965: found /usr/bin/mawk
configure:2976: result: mawk
configure:2987: checking whether make sets $(MAKE)
configure:3009: result: yes
configure:3100: checking build system type
configure:3114: result: i686-pc-linux-gnu
configure:3134: checking host system type
configure:3147: result: i686-pc-linux-gnu
configure:3168: checking whether to disable maintainer-specific portions of Makefiles
configure:3177: result: yes
configure:3247: checking for gcc
configure:3263: found /usr/bin/gcc
configure:3274: result: gcc
configure:3503: checking for C compiler version
configure:3512: gcc --version >&5
gcc (Ubuntu/Linaro 4.6.3-1ubuntu5) 4.6.3
Copyright (C) 2011 Free Software Foundation, Inc.
This is free software; see the source for copying conditions.  There is NO
warranty; not even for MERCHANTABILITY or FITNESS FOR A PARTICULAR PURPOSE.

configure:3523: $? = 0
configure:3512: gcc -v >&5
Using built-in specs.
COLLECT_GCC=gcc
COLLECT_LTO_WRAPPER=/usr/lib/gcc/i686-linux-gnu/4.6/lto-wrapper
Target: i686-linux-gnu
Configured with: ../src/configure -v --with-pkgversion='Ubuntu/Linaro 4.6.3-1ubuntu5' --with-bugurl=file:///usr/share/doc/gcc-4.6/README.Bugs --enable-languages=c,c++,fortran,objc,obj-c++ --prefix=/usr --program-suffix=-4.6 --enable-shared --enable-linker-build-id --with-system-zlib --libexecdir=/usr/lib --without-included-gettext --enable-threads=posix --with-gxx-include-dir=/usr/include/c++/4.6 --libdir=/usr/lib --enable-nls --with-sysroot=/ --enable-clocale=gnu --enable-libstdcxx-debug --enable-libstdcxx-time=yes --enable-gnu-unique-object --enable-plugin --enable-objc-gc --enable-targets=all --disable-werror --with-arch-32=i686 --with-tune=generic --enable-checking=release --build=i686-linux-gnu --host=i686-linux-gnu --target=i686-linux-gnu
Thread model: posix
gcc version 4.6.3 (Ubuntu/Linaro 4.6.3-1ubuntu5) 
configure:3523: $? = 0
configure:3512: gcc -V >&5
gcc: error: unrecognized option '-V'
gcc: fatal error: no input files
compilation terminated.
configure:3523: $? = 4
configure:3512: gcc -qversion >&5
gcc: error: unrecognized option '-qversion'
gcc: fatal error: no input files
compilation terminated.
configure:3523: $? = 4
configure:3543: checking whether the C compiler works
configure:3565: gcc    conftest.c  >&5
configure:3569: $? = 0
configure:3617: result: yes
configure:3620: checking for C compiler default output file name
configure:3622: result: a.out
configure:3628: checking for suffix of executables
configure:3635: gcc -o conftest    conftest.c  >&5
configure:3639: $? = 0
configure:3661: result: 
configure:3683: checking whether we are cross compiling
configure:3691: gcc -o conftest    conftest.c  >&5
configure:3695: $? = 0
configure:3702: ./conftest
configure:3706: $? = 0
configure:3721: result: no
configure:3726: checking for suffix of object files
configure:3748: gcc -c   conftest.c >&5
configure:3752: $? = 0
configure:3773: result: o
configure:3777: checking whether we are using the GNU C compiler
configure:3796: gcc -c   conftest.c >&5
configure:3796: $? = 0
configure:3805: result: yes
configure:3814: checking whether gcc accepts -g
configure:3834: gcc -c -g  conftest.c >&5
configure:3834: $? = 0
configure:3875: result: yes
configure:3892: checking for gcc option to accept ISO C89
configure:3955: gcc  -c -g -O2  conftest.c >&5
configure:3955: $? = 0
configure:3968: result: none needed
configure:3999: checking for style of include used by make
configure:4027: result: GNU
configure:4052: checking dependency style of gcc
configure:4162: result: gcc3
configure:4182: checking how to run the C preprocessor
configure:4213: gcc -E  conftest.c
configure:4213: $? = 0
configure:4227: gcc -E  conftest.c
conftest.c:11:28: fatal error: ac_nonexistent.h: No such file or directory
compilation terminated.
configure:4227: $? = 1
configure: failed program was:
| /* confdefs.h */
| #define PACKAGE_NAME "CppUTest"
| #define PACKAGE_TARNAME "cpputest"
| #define PACKAGE_VERSION "3.5"
| #define PACKAGE_STRING "CppUTest 3.5"
| #define PACKAGE_BUGREPORT "https://github.com/cpputest/cpputest"
| #define PACKAGE_URL ""
| #define PACKAGE "cpputest"
| #define VERSION "3.5"
| /* end confdefs.h.  */
| #include <ac_nonexistent.h>
configure:4252: result: gcc -E
configure:4272: gcc -E  conftest.c
configure:4272: $? = 0
configure:4286: gcc -E  conftest.c
conftest.c:11:28: fatal error: ac_nonexistent.h: No such file or directory
compilation terminated.
configure:4286: $? = 1
configure: failed program was:
| /* confdefs.h */
| #define PACKAGE_NAME "CppUTest"
| #define PACKAGE_TARNAME "cpputest"
| #define PACKAGE_VERSION "3.5"
| #define PACKAGE_STRING "CppUTest 3.5"
| #define PACKAGE_BUGREPORT "https://github.com/cpputest/cpputest"
| #define PACKAGE_URL ""
| #define PACKAGE "cpputest"
| #define VERSION "3.5"
| /* end confdefs.h.  */
| #include <ac_nonexistent.h>
configure:4372: checking for g++
configure:4388: found /usr/bin/g++
configure:4399: result: g++
configure:4426: checking for C++ compiler version
configure:4435: g++ --version >&5
g++ (Ubuntu/Linaro 4.6.3-1ubuntu5) 4.6.3
Copyright (C) 2011 Free Software Foundation, Inc.
This is free software; see the source for copying conditions.  There is NO
warranty; not even for MERCHANTABILITY or FITNESS FOR A PARTICULAR PURPOSE.

configure:4446: $? = 0
configure:4435: g++ -v >&5
Using built-in specs.
COLLECT_GCC=g++
COLLECT_LTO_WRAPPER=/usr/lib/gcc/i686-linux-gnu/4.6/lto-wrapper
Target: i686-linux-gnu
Configured with: ../src/configure -v --with-pkgversion='Ubuntu/Linaro 4.6.3-1ubuntu5' --with-bugurl=file:///usr/share/doc/gcc-4.6/README.Bugs --enable-languages=c,c++,fortran,objc,obj-c++ --prefix=/usr --program-suffix=-4.6 --enable-shared --enable-linker-build-id --with-system-zlib --libexecdir=/usr/lib --without-included-gettext --enable-threads=posix --with-gxx-include-dir=/usr/include/c++/4.6 --libdir=/usr/lib --enable-nls --with-sysroot=/ --enable-clocale=gnu --enable-libstdcxx-debug --enable-libstdcxx-time=yes --enable-gnu-unique-object --enable-plugin --enable-objc-gc --enable-targets=all --disable-werror --with-arch-32=i686 --with-tune=generic --enable-checking=release --build=i686-linux-gnu --host=i686-linux-gnu --target=i686-linux-gnu
Thread model: posix
gcc version 4.6.3 (Ubuntu/Linaro 4.6.3-1ubuntu5) 
configure:4446: $? = 0
configure:4435: g++ -V >&5
g++: error: unrecognized option '-V'
g++: fatal error: no input files
compilation terminated.
configure:4446: $? = 4
configure:4435: g++ -qversion >&5
g++: error: unrecognized option '-qversion'
g++: fatal error: no input files
compilation terminated.
configure:4446: $? = 4
configure:4450: checking whether we are using the GNU C++ compiler
configure:4469: g++ -c   conftest.cpp >&5
configure:4469: $? = 0
configure:4478: result: yes
configure:4487: checking whether g++ accepts -g
configure:4507: g++ -c -g  conftest.cpp >&5
configure:4507: $? = 0
configure:4548: result: yes
configure:4573: checking dependency style of g++
configure:4683: result: gcc3
configure:4698: checking whether ln -s works
configure:4702: result: yes
configure:4709: checking whether make sets $(MAKE)
configure:4731: result: yes
configure:4741: checking whether gcc and cc understand -c and -o together
configure:4772: gcc -c conftest.c -o conftest2.o >&5
configure:4776: $? = 0
configure:4782: gcc -c conftest.c -o conftest2.o >&5
configure:4786: $? = 0
configure:4797: cc -c conftest.c >&5
configure:4801: $? = 0
configure:4809: cc -c conftest.c -o conftest2.o >&5
configure:4813: $? = 0
configure:4819: cc -c conftest.c -o conftest2.o >&5
configure:4823: $? = 0
configure:4841: result: yes
configure:5045: checking for the pthreads library -lpthreads
configure:5078: gcc -o conftest -g -O2    conftest.c -lpthreads  >&5
/usr/bin/ld: cannot find -lpthreads
collect2: ld returned 1 exit status
configure:5078: $? = 1
configure: failed program was:
| /* confdefs.h */
| #define PACKAGE_NAME "CppUTest"
| #define PACKAGE_TARNAME "cpputest"
| #define PACKAGE_VERSION "3.5"
| #define PACKAGE_STRING "CppUTest 3.5"
| #define PACKAGE_BUGREPORT "https://github.com/cpputest/cpputest"
| #define PACKAGE_URL ""
| #define PACKAGE "cpputest"
| #define VERSION "3.5"
| /* end confdefs.h.  */
| #include <pthread.h>
| int
| main ()
| {
| pthread_t th; pthread_join(th, 0);
|                      pthread_attr_init(0); pthread_cleanup_push(0, 0);
|                      pthread_create(0,0,0,0); pthread_cleanup_pop(0);
|   ;
|   return 0;
| }
configure:5087: result: no
configure:4990: checking whether pthreads work without any flags
configure:5078: gcc -o conftest -g -O2    conftest.c   >&5
/tmp/ccgR9QSO.o: In function `main':
/home/lcj/git/IQmath_fake-master/cpputest/conftest.c:15: undefined reference to `pthread_join'
/home/lcj/git/IQmath_fake-master/cpputest/conftest.c:16: undefined reference to `__pthread_register_cancel'
/home/lcj/git/IQmath_fake-master/cpputest/conftest.c:17: undefined reference to `pthread_create'
/home/lcj/git/IQmath_fake-master/cpputest/conftest.c:17: undefined reference to `__pthread_unregister_cancel'
collect2: ld returned 1 exit status
configure:5078: $? = 1
configure: failed program was:
| /* confdefs.h */
| #define PACKAGE_NAME "CppUTest"
| #define PACKAGE_TARNAME "cpputest"
| #define PACKAGE_VERSION "3.5"
| #define PACKAGE_STRING "CppUTest 3.5"
| #define PACKAGE_BUGREPORT "https://github.com/cpputest/cpputest"
| #define PACKAGE_URL ""
| #define PACKAGE "cpputest"
| #define VERSION "3.5"
| /* end confdefs.h.  */
| #include <pthread.h>
| int
| main ()
| {
| pthread_t th; pthread_join(th, 0);
|                      pthread_attr_init(0); pthread_cleanup_push(0, 0);
|                      pthread_create(0,0,0,0); pthread_cleanup_pop(0);
|   ;
|   return 0;
| }
configure:5087: result: no
configure:4995: checking whether pthreads work with -Kthread
configure:5078: gcc -o conftest -g -O2 -Kthread   conftest.c   >&5
gcc: error: unrecognized option '-Kthread'
configure:5078: $? = 1
configure: failed program was:
| /* confdefs.h */
| #define PACKAGE_NAME "CppUTest"
| #define PACKAGE_TARNAME "cpputest"
| #define PACKAGE_VERSION "3.5"
| #define PACKAGE_STRING "CppUTest 3.5"
| #define PACKAGE_BUGREPORT "https://github.com/cpputest/cpputest"
| #define PACKAGE_URL ""
| #define PACKAGE "cpputest"
| #define VERSION "3.5"
| /* end confdefs.h.  */
| #include <pthread.h>
| int
| main ()
| {
| pthread_t th; pthread_join(th, 0);
|                      pthread_attr_init(0); pthread_cleanup_push(0, 0);
|                      pthread_create(0,0,0,0); pthread_cleanup_pop(0);
|   ;
|   return 0;
| }
configure:5087: result: no
configure:4995: checking whether pthreads work with -kthread
configure:5078: gcc -o conftest -g -O2 -kthread   conftest.c   >&5
gcc: error: unrecognized option '-kthread'
configure:5078: $? = 1
configure: failed program was:
| /* confdefs.h */
| #define PACKAGE_NAME "CppUTest"
| #define PACKAGE_TARNAME "cpputest"
| #define PACKAGE_VERSION "3.5"
| #define PACKAGE_STRING "CppUTest 3.5"
| #define PACKAGE_BUGREPORT "https://github.com/cpputest/cpputest"
| #define PACKAGE_URL ""
| #define PACKAGE "cpputest"
| #define VERSION "3.5"
| /* end confdefs.h.  */
| #include <pthread.h>
| int
| main ()
| {
| pthread_t th; pthread_join(th, 0);
|                      pthread_attr_init(0); pthread_cleanup_push(0, 0);
|                      pthread_create(0,0,0,0); pthread_cleanup_pop(0);
|   ;
|   return 0;
| }
configure:5087: result: no
configure:5045: checking for the pthreads library -llthread
configure:5078: gcc -o conftest -g -O2    conftest.c -llthread  >&5
/usr/bin/ld: cannot find -llthread
collect2: ld returned 1 exit status
configure:5078: $? = 1
configure: failed program was:
| /* confdefs.h */
| #define PACKAGE_NAME "CppUTest"
| #define PACKAGE_TARNAME "cpputest"
| #define PACKAGE_VERSION "3.5"
| #define PACKAGE_STRING "CppUTest 3.5"
| #define PACKAGE_BUGREPORT "https://github.com/cpputest/cpputest"
| #define PACKAGE_URL ""
| #define PACKAGE "cpputest"
| #define VERSION "3.5"
| /* end confdefs.h.  */
| #include <pthread.h>
| int
| main ()
| {
| pthread_t th; pthread_join(th, 0);
|                      pthread_attr_init(0); pthread_cleanup_push(0, 0);
|                      pthread_create(0,0,0,0); pthread_cleanup_pop(0);
|   ;
|   return 0;
| }
configure:5087: result: no
configure:4995: checking whether pthreads work with -pthread
configure:5078: gcc -o conftest -g -O2 -pthread   conftest.c   >&5
configure:5078: $? = 0
configure:5087: result: yes
configure:5106: checking for joinable pthread attribute
configure:5121: gcc -o conftest -g -O2 -pthread   conftest.c   >&5
configure:5121: $? = 0
configure:5127: result: PTHREAD_CREATE_JOINABLE
configure:5137: checking if more special flags are required for pthreads
configure:5144: result: no
configure:5232: checking if we can link -lpthread to work around a gcc bug (on MacOSX)
configure:5245: gcc -o conftest -g -O2   conftest.c -lpthread >&5
configure:5245: $? = 0
configure:5246: result: yes
configure:5257: checking for grep that handles long lines and -e
configure:5315: result: /bin/grep
configure:5320: checking for egrep
configure:5382: result: /bin/grep -E
configure:5387: checking for ANSI C header files
configure:5407: gcc -c -g -O2  conftest.c >&5
configure:5407: $? = 0
configure:5480: gcc -o conftest -g -O2   conftest.c    -lpthread >&5
configure:5480: $? = 0
configure:5480: ./conftest
configure:5480: $? = 0
configure:5491: result: yes
configure:5504: checking for sys/types.h
configure:5504: gcc -c -g -O2  conftest.c >&5
configure:5504: $? = 0
configure:5504: result: yes
configure:5504: checking for sys/stat.h
configure:5504: gcc -c -g -O2  conftest.c >&5
configure:5504: $? = 0
configure:5504: result: yes
configure:5504: checking for stdlib.h
configure:5504: gcc -c -g -O2  conftest.c >&5
configure:5504: $? = 0
configure:5504: result: yes
configure:5504: checking for string.h
configure:5504: gcc -c -g -O2  conftest.c >&5
configure:5504: $? = 0
configure:5504: result: yes
configure:5504: checking for memory.h
configure:5504: gcc -c -g -O2  conftest.c >&5
configure:5504: $? = 0
configure:5504: result: yes
configure:5504: checking for strings.h
configure:5504: gcc -c -g -O2  conftest.c >&5
configure:5504: $? = 0
configure:5504: result: yes
configure:5504: checking for inttypes.h
configure:5504: gcc -c -g -O2  conftest.c >&5
configure:5504: $? = 0
configure:5504: result: yes
configure:5504: checking for stdint.h
configure:5504: gcc -c -g -O2  conftest.c >&5
configure:5504: $? = 0
configure:5504: result: yes
configure:5504: checking for unistd.h
configure:5504: gcc -c -g -O2  conftest.c >&5
configure:5504: $? = 0
configure:5504: result: yes
configure:5519: checking stddef.h usability
configure:5519: gcc -c -g -O2  conftest.c >&5
configure:5519: $? = 0
configure:5519: result: yes
configure:5519: checking stddef.h presence
configure:5519: gcc -E  conftest.c
configure:5519: $? = 0
configure:5519: result: yes
configure:5519: checking for stddef.h
configure:5519: result: yes
configure:5519: checking for stdint.h
configure:5519: result: yes
configure:5519: checking for stdlib.h
configure:5519: result: yes
configure:5519: checking for string.h
configure:5519: result: yes
configure:5519: checking sys/time.h usability
configure:5519: gcc -c -g -O2  conftest.c >&5
configure:5519: $? = 0
configure:5519: result: yes
configure:5519: checking sys/time.h presence
configure:5519: gcc -E  conftest.c
configure:5519: $? = 0
configure:5519: result: yes
configure:5519: checking for sys/time.h
configure:5519: result: yes
configure:5519: checking for unistd.h
configure:5519: result: yes
configure:5530: checking for inline
configure:5546: gcc -c -g -O2  conftest.c >&5
configure:5546: $? = 0
configure:5554: result: inline
configure:5572: checking for int16_t
configure:5572: gcc -c -g -O2  conftest.c >&5
configure:5572: $? = 0
configure:5572: gcc -c -g -O2  conftest.c >&5
conftest.c: In function 'main':
conftest.c:64:12: error: size of array 'test_array' is negative
configure:5572: $? = 1
configure: failed program was:
| /* confdefs.h */
| #define PACKAGE_NAME "CppUTest"
| #define PACKAGE_TARNAME "cpputest"
| #define PACKAGE_VERSION "3.5"
| #define PACKAGE_STRING "CppUTest 3.5"
| #define PACKAGE_BUGREPORT "https://github.com/cpputest/cpputest"
| #define PACKAGE_URL ""
| #define PACKAGE "cpputest"
| #define VERSION "3.5"
| #define STDC_HEADERS 1
| #define HAVE_SYS_TYPES_H 1
| #define HAVE_SYS_STAT_H 1
| #define HAVE_STDLIB_H 1
| #define HAVE_STRING_H 1
| #define HAVE_MEMORY_H 1
| #define HAVE_STRINGS_H 1
| #define HAVE_INTTYPES_H 1
| #define HAVE_STDINT_H 1
| #define HAVE_UNISTD_H 1
| #define HAVE_STDDEF_H 1
| #define HAVE_STDINT_H 1
| #define HAVE_STDLIB_H 1
| #define HAVE_STRING_H 1
| #define HAVE_SYS_TIME_H 1
| #define HAVE_UNISTD_H 1
| /* end confdefs.h.  */
| #include <stdio.h>
| #ifdef HAVE_SYS_TYPES_H
| # include <sys/types.h>
| #endif
| #ifdef HAVE_SYS_STAT_H
| # include <sys/stat.h>
| #endif
| #ifdef STDC_HEADERS
| # include <stdlib.h>
| # include <stddef.h>
| #else
| # ifdef HAVE_STDLIB_H
| #  include <stdlib.h>
| # endif
| #endif
| #ifdef HAVE_STRING_H
| # if !defined STDC_HEADERS && defined HAVE_MEMORY_H
| #  include <memory.h>
| # endif
| # include <string.h>
| #endif
| #ifdef HAVE_STRINGS_H
| # include <strings.h>
| #endif
| #ifdef HAVE_INTTYPES_H
| # include <inttypes.h>
| #endif
| #ifdef HAVE_STDINT_H
| # include <stdint.h>
| #endif
| #ifdef HAVE_UNISTD_H
| # include <unistd.h>
| #endif
| 	        enum { N = 16 / 2 - 1 };
| int
| main ()
| {
| static int test_array [1 - 2 * !((int16_t) (((((int16_t) 1 << N) << N) - 1) * 2 + 1)
| 		 < (int16_t) (((((int16_t) 1 << N) << N) - 1) * 2 + 2))];
| test_array [0] = 0;
| return test_array [0];
| 
|   ;
|   return 0;
| }
configure:5572: result: yes
configure:5583: checking for int32_t
configure:5583: gcc -c -g -O2  conftest.c >&5
configure:5583: $? = 0
configure:5583: gcc -c -g -O2  conftest.c >&5
conftest.c: In function 'main':
conftest.c:65:53: warning: integer overflow in expression [-Woverflow]
conftest.c:64:12: error: size of array 'test_array' is negative
conftest.c:64:12: error: storage size of 'test_array' isn't constant
configure:5583: $? = 1
configure: failed program was:
| /* confdefs.h */
| #define PACKAGE_NAME "CppUTest"
| #define PACKAGE_TARNAME "cpputest"
| #define PACKAGE_VERSION "3.5"
| #define PACKAGE_STRING "CppUTest 3.5"
| #define PACKAGE_BUGREPORT "https://github.com/cpputest/cpputest"
| #define PACKAGE_URL ""
| #define PACKAGE "cpputest"
| #define VERSION "3.5"
| #define STDC_HEADERS 1
| #define HAVE_SYS_TYPES_H 1
| #define HAVE_SYS_STAT_H 1
| #define HAVE_STDLIB_H 1
| #define HAVE_STRING_H 1
| #define HAVE_MEMORY_H 1
| #define HAVE_STRINGS_H 1
| #define HAVE_INTTYPES_H 1
| #define HAVE_STDINT_H 1
| #define HAVE_UNISTD_H 1
| #define HAVE_STDDEF_H 1
| #define HAVE_STDINT_H 1
| #define HAVE_STDLIB_H 1
| #define HAVE_STRING_H 1
| #define HAVE_SYS_TIME_H 1
| #define HAVE_UNISTD_H 1
| /* end confdefs.h.  */
| #include <stdio.h>
| #ifdef HAVE_SYS_TYPES_H
| # include <sys/types.h>
| #endif
| #ifdef HAVE_SYS_STAT_H
| # include <sys/stat.h>
| #endif
| #ifdef STDC_HEADERS
| # include <stdlib.h>
| # include <stddef.h>
| #else
| # ifdef HAVE_STDLIB_H
| #  include <stdlib.h>
| # endif
| #endif
| #ifdef HAVE_STRING_H
| # if !defined STDC_HEADERS && defined HAVE_MEMORY_H
| #  include <memory.h>
| # endif
| # include <string.h>
| #endif
| #ifdef HAVE_STRINGS_H
| # include <strings.h>
| #endif
| #ifdef HAVE_INTTYPES_H
| # include <inttypes.h>
| #endif
| #ifdef HAVE_STDINT_H
| # include <stdint.h>
| #endif
| #ifdef HAVE_UNISTD_H
| # include <unistd.h>
| #endif
| 	        enum { N = 32 / 2 - 1 };
| int
| main ()
| {
| static int test_array [1 - 2 * !((int32_t) (((((int32_t) 1 << N) << N) - 1) * 2 + 1)
| 		 < (int32_t) (((((int32_t) 1 << N) << N) - 1) * 2 + 2))];
| test_array [0] = 0;
| return test_array [0];
| 
|   ;
|   return 0;
| }
configure:5583: result: yes
configure:5594: checking for int64_t
configure:5594: gcc -c -g -O2  conftest.c >&5
configure:5594: $? = 0
configure:5594: gcc -c -g -O2  conftest.c >&5
conftest.c: In function 'main':
conftest.c:65:53: warning: integer overflow in expression [-Woverflow]
conftest.c:64:12: error: size of array 'test_array' is negative
conftest.c:64:12: error: storage size of 'test_array' isn't constant
configure:5594: $? = 1
configure: failed program was:
| /* confdefs.h */
| #define PACKAGE_NAME "CppUTest"
| #define PACKAGE_TARNAME "cpputest"
| #define PACKAGE_VERSION "3.5"
| #define PACKAGE_STRING "CppUTest 3.5"
| #define PACKAGE_BUGREPORT "https://github.com/cpputest/cpputest"
| #define PACKAGE_URL ""
| #define PACKAGE "cpputest"
| #define VERSION "3.5"
| #define STDC_HEADERS 1
| #define HAVE_SYS_TYPES_H 1
| #define HAVE_SYS_STAT_H 1
| #define HAVE_STDLIB_H 1
| #define HAVE_STRING_H 1
| #define HAVE_MEMORY_H 1
| #define HAVE_STRINGS_H 1
| #define HAVE_INTTYPES_H 1
| #define HAVE_STDINT_H 1
| #define HAVE_UNISTD_H 1
| #define HAVE_STDDEF_H 1
| #define HAVE_STDINT_H 1
| #define HAVE_STDLIB_H 1
| #define HAVE_STRING_H 1
| #define HAVE_SYS_TIME_H 1
| #define HAVE_UNISTD_H 1
| /* end confdefs.h.  */
| #include <stdio.h>
| #ifdef HAVE_SYS_TYPES_H
| # include <sys/types.h>
| #endif
| #ifdef HAVE_SYS_STAT_H
| # include <sys/stat.h>
| #endif
| #ifdef STDC_HEADERS
| # include <stdlib.h>
| # include <stddef.h>
| #else
| # ifdef HAVE_STDLIB_H
| #  include <stdlib.h>
| # endif
| #endif
| #ifdef HAVE_STRING_H
| # if !defined STDC_HEADERS && defined HAVE_MEMORY_H
| #  include <memory.h>
| # endif
| # include <string.h>
| #endif
| #ifdef HAVE_STRINGS_H
| # include <strings.h>
| #endif
| #ifdef HAVE_INTTYPES_H
| # include <inttypes.h>
| #endif
| #ifdef HAVE_STDINT_H
| # include <stdint.h>
| #endif
| #ifdef HAVE_UNISTD_H
| # include <unistd.h>
| #endif
| 	        enum { N = 64 / 2 - 1 };
| int
| main ()
| {
| static int test_array [1 - 2 * !((int64_t) (((((int64_t) 1 << N) << N) - 1) * 2 + 1)
| 		 < (int64_t) (((((int64_t) 1 << N) << N) - 1) * 2 + 2))];
| test_array [0] = 0;
| return test_array [0];
| 
|   ;
|   return 0;
| }
configure:5594: result: yes
configure:5605: checking for int8_t
configure:5605: gcc -c -g -O2  conftest.c >&5
configure:5605: $? = 0
configure:5605: gcc -c -g -O2  conftest.c >&5
conftest.c: In function 'main':
conftest.c:64:12: error: size of array 'test_array' is negative
configure:5605: $? = 1
configure: failed program was:
| /* confdefs.h */
| #define PACKAGE_NAME "CppUTest"
| #define PACKAGE_TARNAME "cpputest"
| #define PACKAGE_VERSION "3.5"
| #define PACKAGE_STRING "CppUTest 3.5"
| #define PACKAGE_BUGREPORT "https://github.com/cpputest/cpputest"
| #define PACKAGE_URL ""
| #define PACKAGE "cpputest"
| #define VERSION "3.5"
| #define STDC_HEADERS 1
| #define HAVE_SYS_TYPES_H 1
| #define HAVE_SYS_STAT_H 1
| #define HAVE_STDLIB_H 1
| #define HAVE_STRING_H 1
| #define HAVE_MEMORY_H 1
| #define HAVE_STRINGS_H 1
| #define HAVE_INTTYPES_H 1
| #define HAVE_STDINT_H 1
| #define HAVE_UNISTD_H 1
| #define HAVE_STDDEF_H 1
| #define HAVE_STDINT_H 1
| #define HAVE_STDLIB_H 1
| #define HAVE_STRING_H 1
| #define HAVE_SYS_TIME_H 1
| #define HAVE_UNISTD_H 1
| /* end confdefs.h.  */
| #include <stdio.h>
| #ifdef HAVE_SYS_TYPES_H
| # include <sys/types.h>
| #endif
| #ifdef HAVE_SYS_STAT_H
| # include <sys/stat.h>
| #endif
| #ifdef STDC_HEADERS
| # include <stdlib.h>
| # include <stddef.h>
| #else
| # ifdef HAVE_STDLIB_H
| #  include <stdlib.h>
| # endif
| #endif
| #ifdef HAVE_STRING_H
| # if !defined STDC_HEADERS && defined HAVE_MEMORY_H
| #  include <memory.h>
| # endif
| # include <string.h>
| #endif
| #ifdef HAVE_STRINGS_H
| # include <strings.h>
| #endif
| #ifdef HAVE_INTTYPES_H
| # include <inttypes.h>
| #endif
| #ifdef HAVE_STDINT_H
| # include <stdint.h>
| #endif
| #ifdef HAVE_UNISTD_H
| # include <unistd.h>
| #endif
| 	        enum { N = 8 / 2 - 1 };
| int
| main ()
| {
| static int test_array [1 - 2 * !((int8_t) (((((int8_t) 1 << N) << N) - 1) * 2 + 1)
| 		 < (int8_t) (((((int8_t) 1 << N) << N) - 1) * 2 + 2))];
| test_array [0] = 0;
| return test_array [0];
| 
|   ;
|   return 0;
| }
configure:5605: result: yes
configure:5616: checking for pid_t
configure:5616: gcc -c -g -O2  conftest.c >&5
configure:5616: $? = 0
configure:5616: gcc -c -g -O2  conftest.c >&5
conftest.c: In function 'main':
conftest.c:63:20: error: expected expression before ')' token
configure:5616: $? = 1
configure: failed program was:
| /* confdefs.h */
| #define PACKAGE_NAME "CppUTest"
| #define PACKAGE_TARNAME "cpputest"
| #define PACKAGE_VERSION "3.5"
| #define PACKAGE_STRING "CppUTest 3.5"
| #define PACKAGE_BUGREPORT "https://github.com/cpputest/cpputest"
| #define PACKAGE_URL ""
| #define PACKAGE "cpputest"
| #define VERSION "3.5"
| #define STDC_HEADERS 1
| #define HAVE_SYS_TYPES_H 1
| #define HAVE_SYS_STAT_H 1
| #define HAVE_STDLIB_H 1
| #define HAVE_STRING_H 1
| #define HAVE_MEMORY_H 1
| #define HAVE_STRINGS_H 1
| #define HAVE_INTTYPES_H 1
| #define HAVE_STDINT_H 1
| #define HAVE_UNISTD_H 1
| #define HAVE_STDDEF_H 1
| #define HAVE_STDINT_H 1
| #define HAVE_STDLIB_H 1
| #define HAVE_STRING_H 1
| #define HAVE_SYS_TIME_H 1
| #define HAVE_UNISTD_H 1
| /* end confdefs.h.  */
| #include <stdio.h>
| #ifdef HAVE_SYS_TYPES_H
| # include <sys/types.h>
| #endif
| #ifdef HAVE_SYS_STAT_H
| # include <sys/stat.h>
| #endif
| #ifdef STDC_HEADERS
| # include <stdlib.h>
| # include <stddef.h>
| #else
| # ifdef HAVE_STDLIB_H
| #  include <stdlib.h>
| # endif
| #endif
| #ifdef HAVE_STRING_H
| # if !defined STDC_HEADERS && defined HAVE_MEMORY_H
| #  include <memory.h>
| # endif
| # include <string.h>
| #endif
| #ifdef HAVE_STRINGS_H
| # include <strings.h>
| #endif
| #ifdef HAVE_INTTYPES_H
| # include <inttypes.h>
| #endif
| #ifdef HAVE_STDINT_H
| # include <stdint.h>
| #endif
| #ifdef HAVE_UNISTD_H
| # include <unistd.h>
| #endif
| int
| main ()
| {
| if (sizeof ((pid_t)))
| 	    return 0;
|   ;
|   return 0;
| }
configure:5616: result: yes
configure:5627: checking for size_t
configure:5627: gcc -c -g -O2  conftest.c >&5
configure:5627: $? = 0
configure:5627: gcc -c -g -O2  conftest.c >&5
conftest.c: In function 'main':
conftest.c:63:21: error: expected expression before ')' token
configure:5627: $? = 1
configure: failed program was:
| /* confdefs.h */
| #define PACKAGE_NAME "CppUTest"
| #define PACKAGE_TARNAME "cpputest"
| #define PACKAGE_VERSION "3.5"
| #define PACKAGE_STRING "CppUTest 3.5"
| #define PACKAGE_BUGREPORT "https://github.com/cpputest/cpputest"
| #define PACKAGE_URL ""
| #define PACKAGE "cpputest"
| #define VERSION "3.5"
| #define STDC_HEADERS 1
| #define HAVE_SYS_TYPES_H 1
| #define HAVE_SYS_STAT_H 1
| #define HAVE_STDLIB_H 1
| #define HAVE_STRING_H 1
| #define HAVE_MEMORY_H 1
| #define HAVE_STRINGS_H 1
| #define HAVE_INTTYPES_H 1
| #define HAVE_STDINT_H 1
| #define HAVE_UNISTD_H 1
| #define HAVE_STDDEF_H 1
| #define HAVE_STDINT_H 1
| #define HAVE_STDLIB_H 1
| #define HAVE_STRING_H 1
| #define HAVE_SYS_TIME_H 1
| #define HAVE_UNISTD_H 1
| /* end confdefs.h.  */
| #include <stdio.h>
| #ifdef HAVE_SYS_TYPES_H
| # include <sys/types.h>
| #endif
| #ifdef HAVE_SYS_STAT_H
| # include <sys/stat.h>
| #endif
| #ifdef STDC_HEADERS
| # include <stdlib.h>
| # include <stddef.h>
| #else
| # ifdef HAVE_STDLIB_H
| #  include <stdlib.h>
| # endif
| #endif
| #ifdef HAVE_STRING_H
| # if !defined STDC_HEADERS && defined HAVE_MEMORY_H
| #  include <memory.h>
| # endif
| # include <string.h>
| #endif
| #ifdef HAVE_STRINGS_H
| # include <strings.h>
| #endif
| #ifdef HAVE_INTTYPES_H
| # include <inttypes.h>
| #endif
| #ifdef HAVE_STDINT_H
| # include <stdint.h>
| #endif
| #ifdef HAVE_UNISTD_H
| # include <unistd.h>
| #endif
| int
| main ()
| {
| if (sizeof ((size_t)))
| 	    return 0;
|   ;
|   return 0;
| }
configure:5627: result: yes
configure:5638: checking for uint16_t
configure:5638: gcc -c -g -O2  conftest.c >&5
configure:5638: $? = 0
configure:5638: result: yes
configure:5650: checking for uint32_t
configure:5650: gcc -c -g -O2  conftest.c >&5
configure:5650: $? = 0
configure:5650: result: yes
configure:5664: checking for uint64_t
configure:5664: gcc -c -g -O2  conftest.c >&5
configure:5664: $? = 0
configure:5664: result: yes
configure:5678: checking for uint8_t
configure:5678: gcc -c -g -O2  conftest.c >&5
configure:5678: $? = 0
configure:5678: result: yes
configure:5696: checking vfork.h usability
configure:5696: gcc -c -g -O2  conftest.c >&5
conftest.c:60:19: fatal error: vfork.h: No such file or directory
compilation terminated.
configure:5696: $? = 1
configure: failed program was:
| /* confdefs.h */
| #define PACKAGE_NAME "CppUTest"
| #define PACKAGE_TARNAME "cpputest"
| #define PACKAGE_VERSION "3.5"
| #define PACKAGE_STRING "CppUTest 3.5"
| #define PACKAGE_BUGREPORT "https://github.com/cpputest/cpputest"
| #define PACKAGE_URL ""
| #define PACKAGE "cpputest"
| #define VERSION "3.5"
| #define STDC_HEADERS 1
| #define HAVE_SYS_TYPES_H 1
| #define HAVE_SYS_STAT_H 1
| #define HAVE_STDLIB_H 1
| #define HAVE_STRING_H 1
| #define HAVE_MEMORY_H 1
| #define HAVE_STRINGS_H 1
| #define HAVE_INTTYPES_H 1
| #define HAVE_STDINT_H 1
| #define HAVE_UNISTD_H 1
| #define HAVE_STDDEF_H 1
| #define HAVE_STDINT_H 1
| #define HAVE_STDLIB_H 1
| #define HAVE_STRING_H 1
| #define HAVE_SYS_TIME_H 1
| #define HAVE_UNISTD_H 1
| /* end confdefs.h.  */
| #include <stdio.h>
| #ifdef HAVE_SYS_TYPES_H
| # include <sys/types.h>
| #endif
| #ifdef HAVE_SYS_STAT_H
| # include <sys/stat.h>
| #endif
| #ifdef STDC_HEADERS
| # include <stdlib.h>
| # include <stddef.h>
| #else
| # ifdef HAVE_STDLIB_H
| #  include <stdlib.h>
| # endif
| #endif
| #ifdef HAVE_STRING_H
| # if !defined STDC_HEADERS && defined HAVE_MEMORY_H
| #  include <memory.h>
| # endif
| # include <string.h>
| #endif
| #ifdef HAVE_STRINGS_H
| # include <strings.h>
| #endif
| #ifdef HAVE_INTTYPES_H
| # include <inttypes.h>
| #endif
| #ifdef HAVE_STDINT_H
| # include <stdint.h>
| #endif
| #ifdef HAVE_UNISTD_H
| # include <unistd.h>
| #endif
| #include <vfork.h>
configure:5696: result: no
configure:5696: checking vfork.h presence
configure:5696: gcc -E  conftest.c
conftest.c:27:19: fatal error: vfork.h: No such file or directory
compilation terminated.
configure:5696: $? = 1
configure: failed program was:
| /* confdefs.h */
| #define PACKAGE_NAME "CppUTest"
| #define PACKAGE_TARNAME "cpputest"
| #define PACKAGE_VERSION "3.5"
| #define PACKAGE_STRING "CppUTest 3.5"
| #define PACKAGE_BUGREPORT "https://github.com/cpputest/cpputest"
| #define PACKAGE_URL ""
| #define PACKAGE "cpputest"
| #define VERSION "3.5"
| #define STDC_HEADERS 1
| #define HAVE_SYS_TYPES_H 1
| #define HAVE_SYS_STAT_H 1
| #define HAVE_STDLIB_H 1
| #define HAVE_STRING_H 1
| #define HAVE_MEMORY_H 1
| #define HAVE_STRINGS_H 1
| #define HAVE_INTTYPES_H 1
| #define HAVE_STDINT_H 1
| #define HAVE_UNISTD_H 1
| #define HAVE_STDDEF_H 1
| #define HAVE_STDINT_H 1
| #define HAVE_STDLIB_H 1
| #define HAVE_STRING_H 1
| #define HAVE_SYS_TIME_H 1
| #define HAVE_UNISTD_H 1
| /* end confdefs.h.  */
| #include <vfork.h>
configure:5696: result: no
configure:5696: checking for vfork.h
configure:5696: result: no
configure:5709: checking for fork
configure:5709: gcc -o conftest -g -O2   conftest.c    -lpthread >&5
conftest.c:50:6: warning: conflicting types for built-in function 'fork' [enabled by default]
configure:5709: $? = 0
configure:5709: result: yes
configure:5709: checking for vfork
configure:5709: gcc -o conftest -g -O2   conftest.c    -lpthread >&5
configure:5709: $? = 0
configure:5709: result: yes
configure:5719: checking for working fork
configure:5741: gcc -o conftest -g -O2   conftest.c    -lpthread >&5
configure:5741: $? = 0
configure:5741: ./conftest
configure:5741: $? = 0
configure:5751: result: yes
configure:5772: checking for working vfork
configure:5882: result: yes
configure:5909: checking for stdlib.h
configure:5909: result: yes
configure:5919: checking for GNU libc compatible malloc
configure:5943: gcc -o conftest -g -O2   conftest.c    -lpthread >&5
configure:5943: $? = 0
configure:5943: ./conftest
configure:5943: $? = 0
configure:5953: result: yes
configure:5976: checking for stdlib.h
configure:5976: result: yes
configure:5986: checking for GNU libc compatible realloc
configure:6010: gcc -o conftest -g -O2   conftest.c    -lpthread >&5
configure:6010: $? = 0
configure:6010: ./conftest
configure:6010: $? = 0
configure:6020: result: yes
configure:6044: checking for gettimeofday
configure:6044: gcc -o conftest -g -O2   conftest.c    -lpthread >&5
configure:6044: $? = 0
configure:6044: result: yes
configure:6044: checking for memset
configure:6044: gcc -o conftest -g -O2   conftest.c    -lpthread >&5
conftest.c:59:6: warning: conflicting types for built-in function 'memset' [enabled by default]
configure:6044: $? = 0
configure:6044: result: yes
configure:6044: checking for strstr
configure:6044: gcc -o conftest -g -O2   conftest.c    -lpthread >&5
conftest.c:60:6: warning: conflicting types for built-in function 'strstr' [enabled by default]
configure:6044: $? = 0
configure:6044: result: yes
configure:6056: checking for gcc
configure:6072: found /usr/bin/gcc
configure:6084: result: yes
configure:6094: checking for clang
configure:6122: result: no
configure:6132: checking for lcov
configure:6160: result: no
configure:6170: checking for valgrind
configure:6198: result: no
configure:6215: checking whether CC and CXX supports -Werror
configure:6228: gcc -c -Werror  conftest.c >&5
configure:6228: $? = 0
configure:6229: result: yes
configure:6241: checking whether CC and CXX supports -Weverything
configure:6254: gcc -c -Werror -Weverything -Wno-unused-macros  conftest.c >&5
cc1: error: unrecognized command line option '-Weverything'
configure:6254: $? = 1
configure: failed program was:
| /* confdefs.h */
| #define PACKAGE_NAME "CppUTest"
| #define PACKAGE_TARNAME "cpputest"
| #define PACKAGE_VERSION "3.5"
| #define PACKAGE_STRING "CppUTest 3.5"
| #define PACKAGE_BUGREPORT "https://github.com/cpputest/cpputest"
| #define PACKAGE_URL ""
| #define PACKAGE "cpputest"
| #define VERSION "3.5"
| #define STDC_HEADERS 1
| #define HAVE_SYS_TYPES_H 1
| #define HAVE_SYS_STAT_H 1
| #define HAVE_STDLIB_H 1
| #define HAVE_STRING_H 1
| #define HAVE_MEMORY_H 1
| #define HAVE_STRINGS_H 1
| #define HAVE_INTTYPES_H 1
| #define HAVE_STDINT_H 1
| #define HAVE_UNISTD_H 1
| #define HAVE_STDDEF_H 1
| #define HAVE_STDINT_H 1
| #define HAVE_STDLIB_H 1
| #define HAVE_STRING_H 1
| #define HAVE_SYS_TIME_H 1
| #define HAVE_UNISTD_H 1
| #define HAVE_FORK 1
| #define HAVE_VFORK 1
| #define HAVE_WORKING_VFORK 1
| #define HAVE_WORKING_FORK 1
| #define HAVE_STDLIB_H 1
| #define HAVE_MALLOC 1
| #define HAVE_STDLIB_H 1
| #define HAVE_REALLOC 1
| #define HAVE_GETTIMEOFDAY 1
| #define HAVE_MEMSET 1
| #define HAVE_STRSTR 1
| /* end confdefs.h.  */
| 
| int
| main ()
| {
| 
|   ;
|   return 0;
| }
configure:6258: result: no
configure:6266: checking whether CC and CXX supports -Wall
configure:6279: gcc -c -Werror -Wall  conftest.c >&5
configure:6279: $? = 0
configure:6280: result: yes
configure:6291: checking whether CC and CXX supports -Wextra
configure:6304: gcc -c -Werror -Wextra  conftest.c >&5
configure:6304: $? = 0
configure:6305: result: yes
configure:6316: checking whether CC and CXX supports -Wshadow
configure:6329: gcc -c -Werror -Wshadow  conftest.c >&5
configure:6329: $? = 0
configure:6330: result: yes
configure:6341: checking whether CC and CXX supports -Wswitch-default
configure:6354: gcc -c -Werror -Wswitch-default  conftest.c >&5
configure:6354: $? = 0
configure:6355: result: yes
configure:6366: checking whether CC and CXX supports -Wswitch-enum
configure:6379: gcc -c -Werror -Wswitch-enum  conftest.c >&5
configure:6379: $? = 0
configure:6380: result: yes
configure:6391: checking whether CC and CXX supports -Wconversion
configure:6404: gcc -c -Werror -Wconversion  conftest.c >&5
configure:6404: $? = 0
configure:6405: result: yes
configure:6416: checking whether CC and CXX supports -pedantic-errors
configure:6429: gcc -c -Werror -pedantic-errors  conftest.c >&5
configure:6429: $? = 0
configure:6430: result: yes
configure:6441: checking whether CC supports -Wsign-conversion
configure:6454: gcc -c -Werror -Wsign-conversion  conftest.c >&5
configure:6454: $? = 0
configure:6455: result: yes
configure:6472: checking whether CXX supports -Wsign-conversion
configure:6486: g++ -c -Werror -Wsign-conversion  conftest.cpp >&5
configure:6486: $? = 0
configure:6487: result: yes
configure:6510: checking whether CXX supports -Woverloaded-virtual
configure:6523: g++ -c -Werror -Woverloaded-virtual  conftest.cpp >&5
configure:6523: $? = 0
configure:6524: result: yes
configure:6541: checking whether CC supports -Wstrict-prototypes
configure:6554: gcc -c -Werror -Wstrict-prototypes  conftest.c >&5
conftest.c:40:1: error: function declaration isn't a prototype [-Werror=strict-prototypes]
cc1: all warnings being treated as errors
configure:6554: $? = 1
configure: failed program was:
| /* confdefs.h */
| #define PACKAGE_NAME "CppUTest"
| #define PACKAGE_TARNAME "cpputest"
| #define PACKAGE_VERSION "3.5"
| #define PACKAGE_STRING "CppUTest 3.5"
| #define PACKAGE_BUGREPORT "https://github.com/cpputest/cpputest"
| #define PACKAGE_URL ""
| #define PACKAGE "cpputest"
| #define VERSION "3.5"
| #define STDC_HEADERS 1
| #define HAVE_SYS_TYPES_H 1
| #define HAVE_SYS_STAT_H 1
| #define HAVE_STDLIB_H 1
| #define HAVE_STRING_H 1
| #define HAVE_MEMORY_H 1
| #define HAVE_STRINGS_H 1
| #define HAVE_INTTYPES_H 1
| #define HAVE_STDINT_H 1
| #define HAVE_UNISTD_H 1
| #define HAVE_STDDEF_H 1
| #define HAVE_STDINT_H 1
| #define HAVE_STDLIB_H 1
| #define HAVE_STRING_H 1
| #define HAVE_SYS_TIME_H 1
| #define HAVE_UNISTD_H 1
| #define HAVE_FORK 1
| #define HAVE_VFORK 1
| #define HAVE_WORKING_VFORK 1
| #define HAVE_WORKING_FORK 1
| #define HAVE_STDLIB_H 1
| #define HAVE_MALLOC 1
| #define HAVE_STDLIB_H 1
| #define HAVE_REALLOC 1
| #define HAVE_GETTIMEOFDAY 1
| #define HAVE_MEMSET 1
| #define HAVE_STRSTR 1
| /* end confdefs.h.  */
| 
| int
| main ()
| {
| 
|   ;
|   return 0;
| }
configure:6558: result: no
configure:6567: checking whether CC and CXX supports -Wno-disabled-macro-expansion
configure:6580: gcc -c -Werror -Wno-disabled-macro-expansion  conftest.c >&5
configure:6580: $? = 0
configure:6581: result: yes
configure:6592: checking whether CC and CXX supports -Wno-padded
configure:6605: gcc -c -Werror -Wno-padded  conftest.c >&5
configure:6605: $? = 0
configure:6606: result: yes
configure:6623: checking whether CXX supports -Wno-global-constructors
configure:6636: g++ -c -Werror -Wno-global-constructors  conftest.cpp >&5
configure:6636: $? = 0
configure:6637: result: yes
configure:6660: checking whether CXX supports -Wno-exit-time-destructors
configure:6673: g++ -c -Werror -Wno-exit-time-destructors  conftest.cpp >&5
configure:6673: $? = 0
configure:6674: result: yes
configure:6697: checking whether CXX supports -Wno-weak-vtables
configure:6710: g++ -c -Werror -Wno-weak-vtables  conftest.cpp >&5
configure:6710: $? = 0
configure:6711: result: yes
configure:6736: checking whether CXX supports -std=c++0x
configure:6749: g++ -c -std=c++0x  conftest.cpp >&5
configure:6749: $? = 0
configure:6750: result: yes
configure:6760: checking whether CXX supports -std=c++11
configure:6773: g++ -c -std=c++11  conftest.cpp >&5
cc1plus: error: unrecognized command line option '-std=c++11'
configure:6773: $? = 1
configure: failed program was:
| /* confdefs.h */
| #define PACKAGE_NAME "CppUTest"
| #define PACKAGE_TARNAME "cpputest"
| #define PACKAGE_VERSION "3.5"
| #define PACKAGE_STRING "CppUTest 3.5"
| #define PACKAGE_BUGREPORT "https://github.com/cpputest/cpputest"
| #define PACKAGE_URL ""
| #define PACKAGE "cpputest"
| #define VERSION "3.5"
| #define STDC_HEADERS 1
| #define HAVE_SYS_TYPES_H 1
| #define HAVE_SYS_STAT_H 1
| #define HAVE_STDLIB_H 1
| #define HAVE_STRING_H 1
| #define HAVE_MEMORY_H 1
| #define HAVE_STRINGS_H 1
| #define HAVE_INTTYPES_H 1
| #define HAVE_STDINT_H 1
| #define HAVE_UNISTD_H 1
| #define HAVE_STDDEF_H 1
| #define HAVE_STDINT_H 1
| #define HAVE_STDLIB_H 1
| #define HAVE_STRING_H 1
| #define HAVE_SYS_TIME_H 1
| #define HAVE_UNISTD_H 1
| #define HAVE_FORK 1
| #define HAVE_VFORK 1
| #define HAVE_WORKING_VFORK 1
| #define HAVE_WORKING_FORK 1
| #define HAVE_STDLIB_H 1
| #define HAVE_MALLOC 1
| #define HAVE_STDLIB_H 1
| #define HAVE_REALLOC 1
| #define HAVE_GETTIMEOFDAY 1
| #define HAVE_MEMSET 1
| #define HAVE_STRSTR 1
| /* end confdefs.h.  */
| 
| int
| main ()
| {
| 
|   ;
|   return 0;
| }
configure:6777: result: no
configure:6784: checking whether CXX supports -stdlib=libc++
configure:6797: g++ -c -stdlib=libc++  conftest.cpp >&5
cc1plus: error: unrecognized command line option '-stdlib=libc++'
configure:6797: $? = 1
configure: failed program was:
| /* confdefs.h */
| #define PACKAGE_NAME "CppUTest"
| #define PACKAGE_TARNAME "cpputest"
| #define PACKAGE_VERSION "3.5"
| #define PACKAGE_STRING "CppUTest 3.5"
| #define PACKAGE_BUGREPORT "https://github.com/cpputest/cpputest"
| #define PACKAGE_URL ""
| #define PACKAGE "cpputest"
| #define VERSION "3.5"
| #define STDC_HEADERS 1
| #define HAVE_SYS_TYPES_H 1
| #define HAVE_SYS_STAT_H 1
| #define HAVE_STDLIB_H 1
| #define HAVE_STRING_H 1
| #define HAVE_MEMORY_H 1
| #define HAVE_STRINGS_H 1
| #define HAVE_INTTYPES_H 1
| #define HAVE_STDINT_H 1
| #define HAVE_UNISTD_H 1
| #define HAVE_STDDEF_H 1
| #define HAVE_STDINT_H 1
| #define HAVE_STDLIB_H 1
| #define HAVE_STRING_H 1
| #define HAVE_SYS_TIME_H 1
| #define HAVE_UNISTD_H 1
| #define HAVE_FORK 1
| #define HAVE_VFORK 1
| #define HAVE_WORKING_VFORK 1
| #define HAVE_WORKING_FORK 1
| #define HAVE_STDLIB_H 1
| #define HAVE_MALLOC 1
| #define HAVE_STDLIB_H 1
| #define HAVE_REALLOC 1
| #define HAVE_GETTIMEOFDAY 1
| #define HAVE_MEMSET 1
| #define HAVE_STRSTR 1
| /* end confdefs.h.  */
| #include <cstdio>
| int
| main ()
| {
| 
|   ;
|   return 0;
| }
configure:6801: result: no
configure:6825: checking whether CXX supports operator delete without exception handling specifier
configure:6838: g++ -c -Werror  conftest.cpp >&5
conftest.cpp:38:15: error: extra tokens at end of #include directive [-Werror]
cc1plus: all warnings being treated as errors
configure:6838: $? = 1
configure: failed program was:
| /* confdefs.h */
| #define PACKAGE_NAME "CppUTest"
| #define PACKAGE_TARNAME "cpputest"
| #define PACKAGE_VERSION "3.5"
| #define PACKAGE_STRING "CppUTest 3.5"
| #define PACKAGE_BUGREPORT "https://github.com/cpputest/cpputest"
| #define PACKAGE_URL ""
| #define PACKAGE "cpputest"
| #define VERSION "3.5"
| #define STDC_HEADERS 1
| #define HAVE_SYS_TYPES_H 1
| #define HAVE_SYS_STAT_H 1
| #define HAVE_STDLIB_H 1
| #define HAVE_STRING_H 1
| #define HAVE_MEMORY_H 1
| #define HAVE_STRINGS_H 1
| #define HAVE_INTTYPES_H 1
| #define HAVE_STDINT_H 1
| #define HAVE_UNISTD_H 1
| #define HAVE_STDDEF_H 1
| #define HAVE_STDINT_H 1
| #define HAVE_STDLIB_H 1
| #define HAVE_STRING_H 1
| #define HAVE_SYS_TIME_H 1
| #define HAVE_UNISTD_H 1
| #define HAVE_FORK 1
| #define HAVE_VFORK 1
| #define HAVE_WORKING_VFORK 1
| #define HAVE_WORKING_FORK 1
| #define HAVE_STDLIB_H 1
| #define HAVE_MALLOC 1
| #define HAVE_STDLIB_H 1
| #define HAVE_REALLOC 1
| #define HAVE_GETTIMEOFDAY 1
| #define HAVE_MEMSET 1
| #define HAVE_STRSTR 1
| /* end confdefs.h.  */
| #include <new>\nvoid operator delete(void* mem);
| int
| main ()
| {
| 
|   ;
|   return 0;
| }
configure:6842: result: no
configure:6850: checking whether CXX supports operator new with exception handling specifier
configure:6863: g++ -c -Werror  conftest.cpp >&5
conftest.cpp:38:15: error: extra tokens at end of #include directive [-Werror]
cc1plus: all warnings being treated as errors
configure:6863: $? = 1
configure: failed program was:
| /* confdefs.h */
| #define PACKAGE_NAME "CppUTest"
| #define PACKAGE_TARNAME "cpputest"
| #define PACKAGE_VERSION "3.5"
| #define PACKAGE_STRING "CppUTest 3.5"
| #define PACKAGE_BUGREPORT "https://github.com/cpputest/cpputest"
| #define PACKAGE_URL ""
| #define PACKAGE "cpputest"
| #define VERSION "3.5"
| #define STDC_HEADERS 1
| #define HAVE_SYS_TYPES_H 1
| #define HAVE_SYS_STAT_H 1
| #define HAVE_STDLIB_H 1
| #define HAVE_STRING_H 1
| #define HAVE_MEMORY_H 1
| #define HAVE_STRINGS_H 1
| #define HAVE_INTTYPES_H 1
| #define HAVE_STDINT_H 1
| #define HAVE_UNISTD_H 1
| #define HAVE_STDDEF_H 1
| #define HAVE_STDINT_H 1
| #define HAVE_STDLIB_H 1
| #define HAVE_STRING_H 1
| #define HAVE_SYS_TIME_H 1
| #define HAVE_UNISTD_H 1
| #define HAVE_FORK 1
| #define HAVE_VFORK 1
| #define HAVE_WORKING_VFORK 1
| #define HAVE_WORKING_FORK 1
| #define HAVE_STDLIB_H 1
| #define HAVE_MALLOC 1
| #define HAVE_STDLIB_H 1
| #define HAVE_REALLOC 1
| #define HAVE_GETTIMEOFDAY 1
| #define HAVE_MEMSET 1
| #define HAVE_STRSTR 1
| /* end confdefs.h.  */
| #include <new>\nvoid* operator new(size_t size) throw(std::bad_alloc);;
| int
| main ()
| {
| 
|   ;
|   return 0;
| }
configure:6867: result: no
configure:6893: checking whether CXXLD supports -Qunused-arguments linker option
configure:6908: result: no
configure:6914: checking whether LD supports -Wl,-map
configure:6927: gcc -o conftest -g -O2   -Wl,-map,filename.map.txt conftest.c    -lpthread >&5
/usr/bin/ld: unrecognised emulation mode: ap
Supported emulations: elf_i386 i386linux elf32_x86_64 elf_x86_64 elf_l1om elf_k1om
collect2: ld returned 1 exit status
configure:6927: $? = 1
configure: failed program was:
| /* confdefs.h */
| #define PACKAGE_NAME "CppUTest"
| #define PACKAGE_TARNAME "cpputest"
| #define PACKAGE_VERSION "3.5"
| #define PACKAGE_STRING "CppUTest 3.5"
| #define PACKAGE_BUGREPORT "https://github.com/cpputest/cpputest"
| #define PACKAGE_URL ""
| #define PACKAGE "cpputest"
| #define VERSION "3.5"
| #define STDC_HEADERS 1
| #define HAVE_SYS_TYPES_H 1
| #define HAVE_SYS_STAT_H 1
| #define HAVE_STDLIB_H 1
| #define HAVE_STRING_H 1
| #define HAVE_MEMORY_H 1
| #define HAVE_STRINGS_H 1
| #define HAVE_INTTYPES_H 1
| #define HAVE_STDINT_H 1
| #define HAVE_UNISTD_H 1
| #define HAVE_STDDEF_H 1
| #define HAVE_STDINT_H 1
| #define HAVE_STDLIB_H 1
| #define HAVE_STRING_H 1
| #define HAVE_SYS_TIME_H 1
| #define HAVE_UNISTD_H 1
| #define HAVE_FORK 1
| #define HAVE_VFORK 1
| #define HAVE_WORKING_VFORK 1
| #define HAVE_WORKING_FORK 1
| #define HAVE_STDLIB_H 1
| #define HAVE_MALLOC 1
| #define HAVE_STDLIB_H 1
| #define HAVE_REALLOC 1
| #define HAVE_GETTIMEOFDAY 1
| #define HAVE_MEMSET 1
| #define HAVE_STRSTR 1
| /* end confdefs.h.  */
| 
| int
| main ()
| {
| 
|   ;
|   return 0;
| }
configure:6931: result: no
configure:7239: checking how to print strings
configure:7266: result: printf
configure:7287: checking for a sed that does not truncate output
configure:7351: result: /bin/sed
configure:7369: checking for fgrep
configure:7431: result: /bin/grep -F
configure:7466: checking for ld used by gcc
configure:7533: result: /usr/bin/ld
configure:7540: checking if the linker (/usr/bin/ld) is GNU ld
configure:7555: result: yes
configure:7567: checking for BSD- or MS-compatible name lister (nm)
configure:7616: result: /usr/bin/nm -B
configure:7746: checking the name lister (/usr/bin/nm -B) interface
configure:7753: gcc -c -g -O2  conftest.c >&5
configure:7756: /usr/bin/nm -B "conftest.o"
configure:7759: output
00000000 B some_variable
configure:7766: result: BSD nm
configure:7770: checking the maximum length of command line arguments
configure:7895: result: 1572864
configure:7912: checking whether the shell understands some XSI constructs
configure:7922: result: yes
configure:7926: checking whether the shell understands "+="
configure:7932: result: yes
configure:7967: checking how to convert i686-pc-linux-gnu file names to i686-pc-linux-gnu format
configure:8007: result: func_convert_file_noop
configure:8014: checking how to convert i686-pc-linux-gnu file names to toolchain format
configure:8034: result: func_convert_file_noop
configure:8041: checking for /usr/bin/ld option to reload object files
configure:8048: result: -r
configure:8122: checking for objdump
configure:8138: found /usr/bin/objdump
configure:8149: result: objdump
configure:8181: checking how to recognize dependent libraries
configure:8383: result: pass_all
configure:8468: checking for dlltool
configure:8498: result: no
configure:8528: checking how to associate runtime and link libraries
configure:8555: result: printf %s\n
configure:8615: checking for ar
configure:8631: found /usr/bin/ar
configure:8642: result: ar
configure:8679: checking for archiver @FILE support
configure:8696: gcc -c -g -O2  conftest.c >&5
configure:8696: $? = 0
configure:8699: ar cru libconftest.a @conftest.lst >&5
configure:8702: $? = 0
configure:8707: ar cru libconftest.a @conftest.lst >&5
ar: conftest.o: No such file or directory
configure:8710: $? = 1
configure:8722: result: @
configure:8780: checking for strip
configure:8796: found /usr/bin/strip
configure:8807: result: strip
configure:8879: checking for ranlib
configure:8895: found /usr/bin/ranlib
configure:8906: result: ranlib
configure:9008: checking command to parse /usr/bin/nm -B output from gcc object
configure:9127: gcc -c -g -O2  conftest.c >&5
configure:9130: $? = 0
configure:9134: /usr/bin/nm -B conftest.o \| sed -n -e 's/^.*[ ]\([ABCDGIRSTW][ABCDGIRSTW]*\)[ ][ ]*\([_A-Za-z][_A-Za-z0-9]*\)$/\1 \2 \2/p' | sed '/ __gnu_lto/d' \> conftest.nm
configure:9137: $? = 0
configure:9203: gcc -o conftest -g -O2   conftest.c conftstm.o >&5
configure:9206: $? = 0
configure:9244: result: ok
configure:9281: checking for sysroot
configure:9311: result: no
configure:9554: checking for mt
configure:9570: found /bin/mt
configure:9581: result: mt
configure:9604: checking if mt is a manifest tool
configure:9610: mt '-?'
configure:9618: result: no
configure:10247: checking for dlfcn.h
configure:10247: gcc -c -g -O2  conftest.c >&5
configure:10247: $? = 0
configure:10247: result: yes
configure:10444: checking for objdir
configure:10459: result: .libs
configure:10730: checking if gcc supports -fno-rtti -fno-exceptions
configure:10748: gcc -c -g -O2  -fno-rtti -fno-exceptions conftest.c >&5
cc1: warning: command line option '-fno-rtti' is valid for C++/ObjC++ but not for C [enabled by default]
configure:10752: $? = 0
configure:10765: result: no
configure:11075: checking for gcc option to produce PIC
configure:11082: result: -fPIC -DPIC
configure:11090: checking if gcc PIC flag -fPIC -DPIC works
configure:11108: gcc -c -g -O2  -fPIC -DPIC -DPIC conftest.c >&5
configure:11112: $? = 0
configure:11125: result: yes
configure:11154: checking if gcc static flag -static works
configure:11182: result: yes
configure:11197: checking if gcc supports -c -o file.o
configure:11218: gcc -c -g -O2  -o out/conftest2.o conftest.c >&5
configure:11222: $? = 0
configure:11244: result: yes
configure:11252: checking if gcc supports -c -o file.o
configure:11299: result: yes
configure:11332: checking whether the gcc linker (/usr/bin/ld) supports shared libraries
configure:12494: result: yes
configure:12531: checking whether -lc should be explicitly linked in
configure:12539: gcc -c -g -O2  conftest.c >&5
configure:12542: $? = 0
configure:12557: gcc -shared  -fPIC -DPIC conftest.o  -v -Wl,-soname -Wl,conftest -o conftest 2\>\&1 \| /bin/grep  -lc  \>/dev/null 2\>\&1
configure:12560: $? = 0
configure:12574: result: no
configure:12739: checking dynamic linker characteristics
configure:13254: gcc -o conftest -g -O2   -Wl,-rpath -Wl,/foo conftest.c    -lpthread >&5
configure:13254: $? = 0
configure:13488: result: GNU/Linux ld.so
configure:13595: checking how to hardcode library paths into programs
configure:13620: result: immediate
configure:14160: checking whether stripping libraries is possible
configure:14165: result: yes
configure:14200: checking if libtool supports shared libraries
configure:14202: result: yes
configure:14205: checking whether to build shared libraries
configure:14226: result: yes
configure:14229: checking whether to build static libraries
configure:14233: result: yes
configure:14256: checking how to run the C++ preprocessor
configure:14283: g++ -E  conftest.cpp
configure:14283: $? = 0
configure:14297: g++ -E  conftest.cpp
conftest.cpp:41:28: fatal error: ac_nonexistent.h: No such file or directory
compilation terminated.
configure:14297: $? = 1
configure: failed program was:
| /* confdefs.h */
| #define PACKAGE_NAME "CppUTest"
| #define PACKAGE_TARNAME "cpputest"
| #define PACKAGE_VERSION "3.5"
| #define PACKAGE_STRING "CppUTest 3.5"
| #define PACKAGE_BUGREPORT "https://github.com/cpputest/cpputest"
| #define PACKAGE_URL ""
| #define PACKAGE "cpputest"
| #define VERSION "3.5"
| #define STDC_HEADERS 1
| #define HAVE_SYS_TYPES_H 1
| #define HAVE_SYS_STAT_H 1
| #define HAVE_STDLIB_H 1
| #define HAVE_STRING_H 1
| #define HAVE_MEMORY_H 1
| #define HAVE_STRINGS_H 1
| #define HAVE_INTTYPES_H 1
| #define HAVE_STDINT_H 1
| #define HAVE_UNISTD_H 1
| #define HAVE_STDDEF_H 1
| #define HAVE_STDINT_H 1
| #define HAVE_STDLIB_H 1
| #define HAVE_STRING_H 1
| #define HAVE_SYS_TIME_H 1
| #define HAVE_UNISTD_H 1
| #define HAVE_FORK 1
| #define HAVE_VFORK 1
| #define HAVE_WORKING_VFORK 1
| #define HAVE_WORKING_FORK 1
| #define HAVE_STDLIB_H 1
| #define HAVE_MALLOC 1
| #define HAVE_STDLIB_H 1
| #define HAVE_REALLOC 1
| #define HAVE_GETTIMEOFDAY 1
| #define HAVE_MEMSET 1
| #define HAVE_STRSTR 1
| #define CPPUTEST_COMPILATION 1
| #define HAVE_DLFCN_H 1
| #define LT_OBJDIR ".libs/"
| /* end confdefs.h.  */
| #include <ac_nonexistent.h>
configure:14322: result: g++ -E
configure:14342: g++ -E  conftest.cpp
configure:14342: $? = 0
configure:14356: g++ -E  conftest.cpp
conftest.cpp:41:28: fatal error: ac_nonexistent.h: No such file or directory
compilation terminated.
configure:14356: $? = 1
configure: failed program was:
| /* confdefs.h */
| #define PACKAGE_NAME "CppUTest"
| #define PACKAGE_TARNAME "cpputest"
| #define PACKAGE_VERSION "3.5"
| #define PACKAGE_STRING "CppUTest 3.5"
| #define PACKAGE_BUGREPORT "https://github.com/cpputest/cpputest"
| #define PACKAGE_URL ""
| #define PACKAGE "cpputest"
| #define VERSION "3.5"
| #define STDC_HEADERS 1
| #define HAVE_SYS_TYPES_H 1
| #define HAVE_SYS_STAT_H 1
| #define HAVE_STDLIB_H 1
| #define HAVE_STRING_H 1
| #define HAVE_MEMORY_H 1
| #define HAVE_STRINGS_H 1
| #define HAVE_INTTYPES_H 1
| #define HAVE_STDINT_H 1
| #define HAVE_UNISTD_H 1
| #define HAVE_STDDEF_H 1
| #define HAVE_STDINT_H 1
| #define HAVE_STDLIB_H 1
| #define HAVE_STRING_H 1
| #define HAVE_SYS_TIME_H 1
| #define HAVE_UNISTD_H 1
| #define HAVE_FORK 1
| #define HAVE_VFORK 1
| #define HAVE_WORKING_VFORK 1
| #define HAVE_WORKING_FORK 1
| #define HAVE_STDLIB_H 1
| #define HAVE_MALLOC 1
| #define HAVE_STDLIB_H 1
| #define HAVE_REALLOC 1
| #define HAVE_GETTIMEOFDAY 1
| #define HAVE_MEMSET 1
| #define HAVE_STRSTR 1
| #define CPPUTEST_COMPILATION 1
| #define HAVE_DLFCN_H 1
| #define LT_OBJDIR ".libs/"
| /* end confdefs.h.  */
| #include <ac_nonexistent.h>
configure:14526: checking for ld used by g++
configure:14593: result: /usr/bin/ld
configure:14600: checking if the linker (/usr/bin/ld) is GNU ld
configure:14615: result: yes
configure:14670: checking whether the g++ linker (/usr/bin/ld) supports shared libraries
configure:15674: result: yes
configure:15709: g++ -c -g -O2  conftest.cpp >&5
configure:15712: $? = 0
configure:16232: checking for g++ option to produce PIC
configure:16239: result: -fPIC -DPIC
configure:16247: checking if g++ PIC flag -fPIC -DPIC works
configure:16265: g++ -c -g -O2  -fPIC -DPIC -DPIC conftest.cpp >&5
configure:16269: $? = 0
configure:16282: result: yes
configure:16305: checking if g++ static flag -static works
configure:16333: result: yes
configure:16345: checking if g++ supports -c -o file.o
configure:16366: g++ -c -g -O2  -o out/conftest2.o conftest.cpp >&5
configure:16370: $? = 0
configure:16392: result: yes
configure:16397: checking if g++ supports -c -o file.o
configure:16444: result: yes
configure:16474: checking whether the g++ linker (/usr/bin/ld) supports shared libraries
configure:16511: result: yes
configure:16654: checking dynamic linker characteristics
configure:17337: result: GNU/Linux ld.so
configure:17390: checking how to hardcode library paths into programs
configure:17415: result: immediate
configure:17622: creating ./config.status

## ---------------------- ##
## Running config.status. ##
## ---------------------- ##

This file was extended by CppUTest config.status 3.5, which was
generated by GNU Autoconf 2.69.  Invocation command line was

  CONFIG_FILES    = 
  CONFIG_HEADERS  = 
  CONFIG_LINKS    = 
  CONFIG_COMMANDS = 
  $ ./config.status 

on rookiecalf

config.status:1194: creating cpputest.pc
config.status:1194: creating Makefile
config.status:1194: creating config.h
config.status:1423: executing depfiles commands
config.status:1423: executing libtool commands

## ---------------- ##
## Cache variables. ##
## ---------------- ##

ac_cv_build=i686-pc-linux-gnu
ac_cv_c_compiler_gnu=yes
ac_cv_c_inline=inline
ac_cv_c_int16_t=yes
ac_cv_c_int32_t=yes
ac_cv_c_int64_t=yes
ac_cv_c_int8_t=yes
ac_cv_c_uint16_t=yes
ac_cv_c_uint32_t=yes
ac_cv_c_uint64_t=yes
ac_cv_c_uint8_t=yes
ac_cv_cxx_compiler_gnu=yes
ac_cv_env_CCC_set=
ac_cv_env_CCC_value=
ac_cv_env_CC_set=
ac_cv_env_CC_value=
ac_cv_env_CFLAGS_set=
ac_cv_env_CFLAGS_value=
ac_cv_env_CPPFLAGS_set=
ac_cv_env_CPPFLAGS_value=
ac_cv_env_CPP_set=
ac_cv_env_CPP_value=
ac_cv_env_CXXCPP_set=
ac_cv_env_CXXCPP_value=
ac_cv_env_CXXFLAGS_set=
ac_cv_env_CXXFLAGS_value=
ac_cv_env_CXX_set=
ac_cv_env_CXX_value=
ac_cv_env_GMOCK_HOME_set=
ac_cv_env_GMOCK_HOME_value=
ac_cv_env_GTEST_HOME_set=
ac_cv_env_GTEST_HOME_value=
ac_cv_env_LDFLAGS_set=
ac_cv_env_LDFLAGS_value=
ac_cv_env_LIBS_set=
ac_cv_env_LIBS_value=
ac_cv_env_build_alias_set=
ac_cv_env_build_alias_value=
ac_cv_env_host_alias_set=
ac_cv_env_host_alias_value=
ac_cv_env_target_alias_set=
ac_cv_env_target_alias_value=
ac_cv_func_fork=yes
ac_cv_func_fork_works=yes
ac_cv_func_gettimeofday=yes
ac_cv_func_malloc_0_nonnull=yes
ac_cv_func_memset=yes
ac_cv_func_realloc_0_nonnull=yes
ac_cv_func_strstr=yes
ac_cv_func_vfork=yes
ac_cv_func_vfork_works=yes
ac_cv_header_dlfcn_h=yes
ac_cv_header_inttypes_h=yes
ac_cv_header_memory_h=yes
ac_cv_header_stdc=yes
ac_cv_header_stddef_h=yes
ac_cv_header_stdint_h=yes
ac_cv_header_stdlib_h=yes
ac_cv_header_string_h=yes
ac_cv_header_strings_h=yes
ac_cv_header_sys_stat_h=yes
ac_cv_header_sys_time_h=yes
ac_cv_header_sys_types_h=yes
ac_cv_header_unistd_h=yes
ac_cv_header_vfork_h=no
ac_cv_host=i686-pc-linux-gnu
ac_cv_objext=o
ac_cv_path_EGREP='/bin/grep -E'
ac_cv_path_FGREP='/bin/grep -F'
ac_cv_path_GREP=/bin/grep
ac_cv_path_SED=/bin/sed
ac_cv_path_install='/usr/bin/install -c'
ac_cv_path_mkdir=/bin/mkdir
ac_cv_prog_AWK=mawk
ac_cv_prog_CPP='gcc -E'
ac_cv_prog_CPPUTEST_HAS_CLANG=no
ac_cv_prog_CPPUTEST_HAS_GCC=yes
ac_cv_prog_CPPUTEST_HAS_LCOV=no
ac_cv_prog_CPPUTEST_HAS_VALGRIND=no
ac_cv_prog_CXXCPP='g++ -E'
ac_cv_prog_ac_ct_AR=ar
ac_cv_prog_ac_ct_CC=gcc
ac_cv_prog_ac_ct_CXX=g++
ac_cv_prog_ac_ct_MANIFEST_TOOL=mt
ac_cv_prog_ac_ct_OBJDUMP=objdump
ac_cv_prog_ac_ct_RANLIB=ranlib
ac_cv_prog_ac_ct_STRIP=strip
ac_cv_prog_cc_c89=
ac_cv_prog_cc_g=yes
ac_cv_prog_cc_gcc_c_o=yes
ac_cv_prog_cxx_g=yes
ac_cv_prog_make_make_set=yes
ac_cv_type_pid_t=yes
ac_cv_type_size_t=yes
am_cv_CC_dependencies_compiler_type=gcc3
am_cv_CXX_dependencies_compiler_type=gcc3
lt_cv_ar_at_file=@
lt_cv_archive_cmds_need_lc=no
lt_cv_deplibs_check_method=pass_all
lt_cv_file_magic_cmd='$MAGIC_CMD'
lt_cv_file_magic_test_file=
lt_cv_ld_reload_flag=-r
lt_cv_nm_interface='BSD nm'
lt_cv_objdir=.libs
lt_cv_path_LD=/usr/bin/ld
lt_cv_path_LDCXX=/usr/bin/ld
lt_cv_path_NM='/usr/bin/nm -B'
lt_cv_path_mainfest_tool=no
lt_cv_prog_compiler_c_o=yes
lt_cv_prog_compiler_c_o_CXX=yes
lt_cv_prog_compiler_pic='-fPIC -DPIC'
lt_cv_prog_compiler_pic_CXX='-fPIC -DPIC'
lt_cv_prog_compiler_pic_works=yes
lt_cv_prog_compiler_pic_works_CXX=yes
lt_cv_prog_compiler_rtti_exceptions=no
lt_cv_prog_compiler_static_works=yes
lt_cv_prog_compiler_static_works_CXX=yes
lt_cv_prog_gnu_ld=yes
lt_cv_prog_gnu_ldcxx=yes
lt_cv_sharedlib_from_linklib_cmd='printf %s\n'
lt_cv_shlibpath_overrides_runpath=no
lt_cv_sys_global_symbol_pipe='sed -n -e '\''s/^.*[	 ]\([ABCDGIRSTW][ABCDGIRSTW]*\)[	 ][	 ]*\([_A-Za-z][_A-Za-z0-9]*\)$/\1 \2 \2/p'\'' | sed '\''/ __gnu_lto/d'\'''
lt_cv_sys_global_symbol_to_c_name_address='sed -n -e '\''s/^: \([^ ]*\)[ ]*$/  {\"\1\", (void *) 0},/p'\'' -e '\''s/^[ABCDGIRSTW]* \([^ ]*\) \([^ ]*\)$/  {"\2", (void *) \&\2},/p'\'''
lt_cv_sys_global_symbol_to_c_name_address_lib_prefix='sed -n -e '\''s/^: \([^ ]*\)[ ]*$/  {\"\1\", (void *) 0},/p'\'' -e '\''s/^[ABCDGIRSTW]* \([^ ]*\) \(lib[^ ]*\)$/  {"\2", (void *) \&\2},/p'\'' -e '\''s/^[ABCDGIRSTW]* \([^ ]*\) \([^ ]*\)$/  {"lib\2", (void *) \&\2},/p'\'''
lt_cv_sys_global_symbol_to_cdecl='sed -n -e '\''s/^T .* \(.*\)$/extern int \1();/p'\'' -e '\''s/^[ABCDGIRSTW]* .* \(.*\)$/extern char \1;/p'\'''
lt_cv_sys_max_cmd_len=1572864
lt_cv_to_host_file_cmd=func_convert_file_noop
lt_cv_to_tool_file_cmd=func_convert_file_noop

## ----------------- ##
## Output variables. ##
## ----------------- ##

ACLOCAL='${SHELL} /home/lcj/git/IQmath_fake-master/cpputest/missing --run aclocal-1.11'
ALL_FILES_IN_GIT=''
AMDEPBACKSLASH='\'
AMDEP_FALSE='#'
AMDEP_TRUE=''
AMTAR='${SHELL} /home/lcj/git/IQmath_fake-master/cpputest/missing --run tar'
AM_BACKSLASH='\'
AM_DEFAULT_VERBOSITY='1'
AR='ar'
AUTOCONF='${SHELL} /home/lcj/git/IQmath_fake-master/cpputest/missing --run autoconf'
AUTOHEADER='${SHELL} /home/lcj/git/IQmath_fake-master/cpputest/missing --run autoheader'
AUTOMAKE='${SHELL} /home/lcj/git/IQmath_fake-master/cpputest/missing --run automake-1.11'
AWK='mawk'
CC='gcc'
CCDEPMODE='depmode=gcc3'
CFLAGS='-g -O2'
CPP='gcc -E'
CPPFLAGS=''
CPPUTEST_ADDITIONAL_CFLAGS=''
CPPUTEST_ADDITIONAL_CPPFLAGS=''
CPPUTEST_ADDITIONAL_CXXFLAGS=''
CPPUTEST_CFLAGS='  -Werror -Wall -Wextra -Wshadow -Wswitch-default -Wswitch-enum -Wconversion -pedantic-errors -Wsign-conversion -Wno-disabled-macro-expansion -Wno-padded'
CPPUTEST_CPPFLAGS=' -include ./include/CppUTest/MemoryLeakDetectorMallocMacros.h -I./include/CppUTestExt/CppUTestGMock -I./include/CppUTestExt/CppUTestGTest -I ./include '
CPPUTEST_CXXFLAGS=' -include ./include/CppUTest/MemoryLeakDetectorNewMacros.h  -Werror -Wall -Wextra -Wshadow -Wswitch-default -Wswitch-enum -Wconversion -pedantic-errors -Wsign-conversion -Woverloaded-virtual -Wno-disabled-macro-expansion -Wno-padded -Wno-global-constructors -Wno-exit-time-destructors -Wno-weak-vtables'
CPPUTEST_HAS_CLANG='no'
CPPUTEST_HAS_GCC='yes'
CPPUTEST_HAS_LCOV='no'
CPPUTEST_HAS_VALGRIND='no'
CPPUTEST_LDADD=''
CPPUTEST_LDFLAGS=''
CPPUTEST_ON_MACOSX=''
CPP_PLATFORM='Gcc'
CXX='g++'
CXXCPP='g++ -E'
CXXDEPMODE='depmode=gcc3'
CXXFLAGS='-g -O2'
CYGPATH_W='echo'
DEFS='-DHAVE_CONFIG_H'
DEPDIR='.deps'
DLLTOOL='false'
DSYMUTIL=''
DUMPBIN=''
ECHO_C=''
ECHO_N='-n'
ECHO_T=''
EGREP='/bin/grep -E'
EXEEXT=''
FGREP='/bin/grep -F'
GMOCK_HOME=''
GREP='/bin/grep'
GTEST_HOME=''
INCLUDE_CPPUTEST_EXT=''
INCLUDE_CPPUTEST_EXT_FALSE='#'
INCLUDE_CPPUTEST_EXT_TRUE=''
INSTALL_DATA='${INSTALL} -m 644'
INSTALL_PROGRAM='${INSTALL}'
INSTALL_SCRIPT='${INSTALL}'
INSTALL_STRIP_PROGRAM='$(install_sh) -c -s'
LD='/usr/bin/ld'
LDFLAGS=''
LIBOBJS=''
LIBS='   -lpthread'
LIBTOOL='$(SHELL) $(top_builddir)/libtool'
LIPO=''
LN_S='ln -s'
LTLIBOBJS=''
MAINT=''
MAINTAINER_MODE_FALSE='#'
MAINTAINER_MODE_TRUE=''
MAKEINFO='${SHELL} /home/lcj/git/IQmath_fake-master/cpputest/missing --run makeinfo'
MANIFEST_TOOL=':'
MKDIR_P='/bin/mkdir -p'
MOSTLYCLEANFILES=''
NM='/usr/bin/nm -B'
NMEDIT=''
OBJDUMP='objdump'
OBJEXT='o'
OTOOL64=''
OTOOL=''
PACKAGE='cpputest'
PACKAGE_BUGREPORT='https://github.com/cpputest/cpputest'
PACKAGE_NAME='CppUTest'
PACKAGE_STRING='CppUTest 3.5'
PACKAGE_TARNAME='cpputest'
PACKAGE_URL=''
PACKAGE_VERSION='3.5'
PATH_SEPARATOR=':'
PTHREAD_CC='gcc'
PTHREAD_CFLAGS='-pthread'
PTHREAD_LIBS=''
RANLIB='ranlib'
SED='/bin/sed'
SET_MAKE=''
SHELL='/bin/bash'
STRIP='strip'
TEST_COMPILER_IS_CLANG_FALSE=''
TEST_COMPILER_IS_CLANG_TRUE='#'
VERSION='3.5'
ac_ct_AR='ar'
ac_ct_CC='gcc'
ac_ct_CXX='g++'
ac_ct_DUMPBIN=''
acx_pthread_config=''
am__EXEEXT_FALSE=''
am__EXEEXT_TRUE='#'
am__fastdepCC_FALSE='#'
am__fastdepCC_TRUE=''
am__fastdepCXX_FALSE='#'
am__fastdepCXX_TRUE=''
am__include='include'
am__isrc=''
am__leading_dot='.'
am__quote=''
am__tar='${AMTAR} chof - "$$tardir"'
am__untar='${AMTAR} xf -'
bindir='${exec_prefix}/bin'
build='i686-pc-linux-gnu'
build_alias=''
build_cpu='i686'
build_os='linux-gnu'
build_vendor='pc'
datadir='${datarootdir}'
datarootdir='${prefix}/share'
docdir='${datarootdir}/doc/${PACKAGE_TARNAME}'
dvidir='${docdir}'
exec_prefix='${prefix}'
host='i686-pc-linux-gnu'
host_alias=''
host_cpu='i686'
host_os='linux-gnu'
host_vendor='pc'
htmldir='${docdir}'
includedir='${prefix}/include'
infodir='${datarootdir}/info'
install_sh='${SHELL} /home/lcj/git/IQmath_fake-master/cpputest/install-sh'
libdir='${exec_prefix}/lib'
libexecdir='${exec_prefix}/libexec'
localedir='${datarootdir}/locale'
localstatedir='${prefix}/var'
mandir='${datarootdir}/man'
mkdir_p='/bin/mkdir -p'
oldincludedir='/usr/include'
pdfdir='${docdir}'
prefix='/usr/local'
program_transform_name='s,x,x,'
psdir='${docdir}'
sbindir='${exec_prefix}/sbin'
sharedstatedir='${prefix}/com'
sysconfdir='${prefix}/etc'
target_alias=''

## ----------- ##
## confdefs.h. ##
## ----------- ##

/* confdefs.h */
#define PACKAGE_NAME "CppUTest"
#define PACKAGE_TARNAME "cpputest"
#define PACKAGE_VERSION "3.5"
#define PACKAGE_STRING "CppUTest 3.5"
#define PACKAGE_BUGREPORT "https://github.com/cpputest/cpputest"
#define PACKAGE_URL ""
#define PACKAGE "cpputest"
#define VERSION "3.5"
#define STDC_HEADERS 1
#define HAVE_SYS_TYPES_H 1
#define HAVE_SYS_STAT_H 1
#define HAVE_STDLIB_H 1
#define HAVE_STRING_H 1
#define HAVE_MEMORY_H 1
#define HAVE_STRINGS_H 1
#define HAVE_INTTYPES_H 1
#define HAVE_STDINT_H 1
#define HAVE_UNISTD_H 1
#define HAVE_STDDEF_H 1
#define HAVE_STDINT_H 1
#define HAVE_STDLIB_H 1
#define HAVE_STRING_H 1
#define HAVE_SYS_TIME_H 1
#define HAVE_UNISTD_H 1
#define HAVE_FORK 1
#define HAVE_VFORK 1
#define HAVE_WORKING_VFORK 1
#define HAVE_WORKING_FORK 1
#define HAVE_STDLIB_H 1
#define HAVE_MALLOC 1
#define HAVE_STDLIB_H 1
#define HAVE_REALLOC 1
#define HAVE_GETTIMEOFDAY 1
#define HAVE_MEMSET 1
#define HAVE_STRSTR 1
#define CPPUTEST_COMPILATION 1
#define HAVE_DLFCN_H 1
#define LT_OBJDIR ".libs/"

configure: exit 0
